build/OCRTest/proguard/seeds.txt
edu.sfsu.cs.orange.ocr.camera.ShutterButton
edu.sfsu.cs.orange.ocr.camera.ShutterButton: ShutterButton(android.content.Context)
edu.sfsu.cs.orange.ocr.camera.ShutterButton: ShutterButton(android.content.Context,android.util.AttributeSet)
edu.sfsu.cs.orange.ocr.camera.ShutterButton: ShutterButton(android.content.Context,android.util.AttributeSet,int)
...
com.google.android.gms.games.event.EventRef
com.google.android.gms.games.internal.ConnectionInfo
com.google.android.gms.games.internal.GamesDowngradeableSafeParcel
com.google.android.gms.games.internal.PopupLocationInfoParcelable
com.google.android.gms.games.internal.game.GameBadge
com.google.android.gms.games.internal.game.GameBadgeEntity
com.google.android.gms.games.internal.game.GameBadgeRef
com.google.android.gms.games.internal.multiplayer.ZInvitationCluster
com.google.android.gms.games.internal.player.MostRecentGameInfo
com.google.android.gms.games.internal.player.MostRecentGameInfoEntity
com.google.android.gms.games.internal.player.MostRecentGameInfoRef
com.google.android.gms.games.internal.request.GameRequestCluster
com.google.android.gms.games.multiplayer.Invitation
com.google.android.gms.games.multiplayer.InvitationEntity
com.google.android.gms.games.multiplayer.InvitationEntity: android.os.Parcelable$Creator CREATOR
com.google.android.gms.games.multiplayer.InvitationRef
com.google.android.gms.games.multiplayer.Participant
com.google.android.gms.games.multiplayer.ParticipantEntity
com.google.android.gms.games.multiplayer.ParticipantEntity: android.os.Parcelable$Creator CREATOR
com.google.android.gms.games.multiplayer.ParticipantRef
com.google.android.gms.games.multiplayer.ParticipantResult
com.google.android.gms.games.multiplayer.ParticipantResult: android.os.Parcelable$Creator CREATOR
com.google.android.gms.games.multiplayer.realtime.RealTimeMessage
com.google.android.gms.games.multiplayer.realtime.RealTimeMessage: android.os.Parcelable$Creator CREATOR
com.google.android.gms.games.multiplayer.realtime.Room
com.google.android.gms.games.multiplayer.realtime.RoomEntity
com.google.android.gms.games.multiplayer.realtime.RoomEntity: android.os.Parcelable$Creator CREATOR
com.google.android.gms.games.multiplayer.realtime.RoomRef
com.google.android.gms.games.multiplayer.turnbased.TurnBasedMatch
com.google.android.gms.games.multiplayer.turnbased.TurnBasedMatchEntity
com.google.android.gms.games.multiplayer.turnbased.TurnBasedMatchEntity: android.os.Parcelable$Creator CREATOR
com.google.android.gms.games.multiplayer.turnbased.TurnBasedMatchRef
com.google.android.gms.games.quest.Milestone
com.google.android.gms.games.quest.MilestoneEntity
com.google.android.gms.games.quest.MilestoneEntity: android.os.Parcelable$Creator CREATOR
com.google.android.gms.games.quest.MilestoneRef
com.google.android.gms.games.quest.Quest
com.google.android.gms.games.quest.QuestEntity
com.google.android.gms.games.quest.QuestEntity: android.os.Parcelable$Creator CREATOR
com.google.android.gms.games.quest.QuestRef
com.google.android.gms.games.request.GameRequest
com.google.android.gms.games.request.GameRequestEntity
com.google.android.gms.games.request.GameRequestEntity: android.os.Parcelable$Creator CREATOR
com.google.android.gms.games.request.GameRequestRef
com.google.android.gms.games.snapshot.Snapshot
com.google.android.gms.games.snapshot.SnapshotContents
com.google.android.gms.games.snapshot.SnapshotContentsEntity
com.google.android.gms.games.snapshot.SnapshotEntity
com.google.android.gms.games.snapshot.SnapshotEntity: android.os.Parcelable$Creator CREATOR
com.google.android.gms.games.snapshot.SnapshotMetadata
com.google.android.gms.games.snapshot.SnapshotMetadataChangeEntity
com.google.android.gms.games.snapshot.SnapshotMetadataEntity
com.google.android.gms.games.snapshot.SnapshotMetadataEntity: android.os.Parcelable$Creator CREATOR
com.google.android.gms.games.snapshot.SnapshotMetadataRef
com.google.android.gms.gcm.GcmListenerService
com.google.android.gms.gcm.GcmTaskService
com.google.android.gms.gcm.OneoffTask
com.google.android.gms.gcm.OneoffTask: android.os.Parcelable$Creator CREATOR
com.google.android.gms.gcm.PendingCallback
com.google.android.gms.gcm.PendingCallback: android.os.Parcelable$Creator CREATOR