build/OCRTest/proguard/mapping.txt
edu.sfsu.cs.orange.ocr.camera.AutoFocusManager -> edu.sfsu.cs.orange.ocr.camera.a:
    java.lang.String TAG -> a
    java.util.Collection FOCUS_MODES_CALLING_AF -> b
    boolean active -> c
    boolean manual -> d
    boolean useAutoFocus -> e
    android.hardware.Camera camera -> f
    java.util.Timer timer -> g
    java.util.TimerTask outstandingTask -> h
    void onAutoFocus(boolean,android.hardware.Camera) -> onAutoFocus
    void checkAndStart() -> a
    void start() -> b
    void start(long) -> a
    void stop() -> c
    void access$0$5f8ce20a(edu.sfsu.cs.orange.ocr.camera.AutoFocusManager) -> a
edu.sfsu.cs.orange.ocr.camera.AutoFocusManager$1 -> edu.sfsu.cs.orange.ocr.camera.b:
    edu.sfsu.cs.orange.ocr.camera.AutoFocusManager this$0 -> a
    void run() -> run
edu.sfsu.cs.orange.ocr.camera.AutoFocusManager$2 -> edu.sfsu.cs.orange.ocr.camera.c:
    edu.sfsu.cs.orange.ocr.camera.AutoFocusManager this$0 -> a
    void run() -> run
edu.sfsu.cs.orange.ocr.camera.CameraConfigurationManager -> edu.sfsu.cs.orange.ocr.camera.d:
    android.content.Context context -> a
    android.graphics.Point screenResolution -> b
    android.graphics.Point cameraResolution -> c
    void initFromCameraParameters(android.hardware.Camera) -> a
    void setDesiredCameraParameters(android.hardware.Camera) -> b
    android.graphics.Point getCameraResolution() -> a
    android.graphics.Point getScreenResolution() -> b
    android.graphics.Point findBestPreviewSizeValue(android.hardware.Camera$Parameters,android.graphics.Point) -> a
    java.lang.String findSettableValue(java.util.Collection,java.lang.String[]) -> a
edu.sfsu.cs.orange.ocr.camera.CameraConfigurationManager$1 -> edu.sfsu.cs.orange.ocr.camera.e:
    edu.sfsu.cs.orange.ocr.camera.CameraConfigurationManager this$0 -> a
    int compare(java.lang.Object,java.lang.Object) -> compare
edu.sfsu.cs.orange.ocr.camera.CameraManager -> edu.sfsu.cs.orange.ocr.camera.f:
    java.lang.String TAG -> a
    android.content.Context context -> b
    edu.sfsu.cs.orange.ocr.camera.CameraConfigurationManager configManager -> c
    android.hardware.Camera camera -> d
    edu.sfsu.cs.orange.ocr.camera.AutoFocusManager autoFocusManager -> e
    android.graphics.Rect framingRect -> f
    android.graphics.Rect framingRectInPreview -> g
    boolean initialized -> h
    boolean previewing -> i
    boolean reverseImage -> j
    int requestedFramingRectWidth -> k
    int requestedFramingRectHeight -> l
    edu.sfsu.cs.orange.ocr.camera.PreviewCallback previewCallback -> m
    void openDriver(android.view.SurfaceHolder) -> a
    void closeDriver() -> a
    void startPreview() -> b
    void stopPreview() -> c
    void requestOcrDecode(android.os.Handler,int) -> a
    void requestAutoFocus(long) -> a
    android.graphics.Rect getFramingRect() -> d
    android.graphics.Rect getFramingRectInPreview() -> e
    void adjustFramingRect(int,int) -> a
    com.nature.code.odica.PlanarYUVLuminanceSource buildLuminanceSource(byte[],int,int) -> a
edu.sfsu.cs.orange.ocr.camera.PreviewCallback -> edu.sfsu.cs.orange.ocr.camera.g:
    java.lang.String TAG -> a
    edu.sfsu.cs.orange.ocr.camera.CameraConfigurationManager configManager -> b
    android.os.Handler previewHandler -> c
    int previewMessage -> d
    void setHandler(android.os.Handler,int) -> a
    void onPreviewFrame(byte[],android.hardware.Camera) -> onPreviewFrame
edu.sfsu.cs.orange.ocr.camera.ShutterButton -> edu.sfsu.cs.orange.ocr.camera.ShutterButton:
    edu.sfsu.cs.orange.ocr.camera.ShutterButton$OnShutterButtonListener mListener -> a
    boolean mOldPressed -> b
    void setOnShutterButtonListener(edu.sfsu.cs.orange.ocr.camera.ShutterButton$OnShutterButtonListener) -> a
    void drawableStateChanged() -> drawableStateChanged
    void callShutterButtonFocus$1385ff() -> a
    boolean performClick() -> performClick
    void access$0$113a6151(edu.sfsu.cs.orange.ocr.camera.ShutterButton) -> a
...
com.google.android.gms.common.zzc$zze$2 -> com.google.android.gms.common.ft:
    byte[] zzmk() -> b
com.google.android.gms.common.zzc$zzf -> com.google.android.gms.common.fu:
    com.google.android.gms.common.zzc$zza[] zzVR -> a
com.google.android.gms.common.zzc$zzf$1 -> com.google.android.gms.common.fv:
    byte[] zzmk() -> b
com.google.android.gms.common.zzc$zzf$2 -> com.google.android.gms.common.fw:
    byte[] zzmk() -> b
com.google.android.gms.common.zzc$zzg -> com.google.android.gms.common.fx:
    com.google.android.gms.common.zzc$zza[] zzVR -> a
com.google.android.gms.common.zzc$zzg$1 -> com.google.android.gms.common.fy:
    byte[] zzmk() -> b
com.google.android.gms.common.zzc$zzg$2 -> com.google.android.gms.common.fz:
    byte[] zzmk() -> b
com.google.android.gms.common.zzc$zzh -> com.google.android.gms.common.ga:
    com.google.android.gms.common.zzc$zza[] zzVR -> a
com.google.android.gms.common.zzc$zzh$1 -> com.google.android.gms.common.gb:
    byte[] zzmk() -> b
com.google.android.gms.common.zzc$zzh$2 -> com.google.android.gms.common.gc:
    byte[] zzmk() -> b
com.google.android.gms.common.zzc$zzi -> com.google.android.gms.common.gd:
    com.google.android.gms.common.zzc$zza[] zzVR -> a
com.google.android.gms.common.zzc$zzi$1 -> com.google.android.gms.common.ge:
    byte[] zzmk() -> b
com.google.android.gms.common.zzc$zzi$2 -> com.google.android.gms.common.gf:
    byte[] zzmk() -> b
com.google.android.gms.common.zzc$zzi$3 -> com.google.android.gms.common.gg:
    byte[] zzmk() -> b
com.google.android.gms.common.zzc$zzi$4 -> com.google.android.gms.common.gh:
    byte[] zzmk() -> b
com.google.android.gms.common.zzc$zzj -> com.google.android.gms.common.gi:
    com.google.android.gms.common.zzc$zza[] zzVR -> a
com.google.android.gms.common.zzc$zzj$1 -> com.google.android.gms.common.gj:
    byte[] zzmk() -> b
com.google.android.gms.common.zzc$zzj$2 -> com.google.android.gms.common.gk:
    byte[] zzmk() -> b
com.google.android.gms.common.zzc$zzk -> com.google.android.gms.common.gl:
    com.google.android.gms.common.zzc$zza[] zzVR -> a
com.google.android.gms.common.zzc$zzk$1 -> com.google.android.gms.common.gm:
    byte[] zzmk() -> b
com.google.android.gms.common.zzc$zzk$2 -> com.google.android.gms.common.gn:
    byte[] zzmk() -> b
com.google.android.gms.common.zzc$zzl -> com.google.android.gms.common.go:
    com.google.android.gms.common.zzc$zza[] zzVR -> a
com.google.android.gms.common.zzc$zzl$1 -> com.google.android.gms.common.gp:
    byte[] zzmk() -> b
com.google.android.gms.common.zzc$zzm -> com.google.android.gms.common.gq:
    com.google.android.gms.common.zzc$zza[] zzVR -> a
com.google.android.gms.common.zzc$zzm$1 -> com.google.android.gms.common.gr:
    byte[] zzmk() -> b
com.google.android.gms.common.zzc$zzm$2 -> com.google.android.gms.common.gs:
    byte[] zzmk() -> b
com.google.android.gms.common.zzc$zzn -> com.google.android.gms.common.gt:
    com.google.android.gms.common.zzc$zza[] zzVR -> a
com.google.android.gms.common.zzc$zzn$1 -> com.google.android.gms.common.gu:
    byte[] zzmk() -> b
com.google.android.gms.common.zzc$zzn$2 -> com.google.android.gms.common.gv:
    byte[] zzmk() -> b
com.google.android.gms.common.zzc$zzo -> com.google.android.gms.common.gw:
    com.google.android.gms.common.zzc$zza[] zzVR -> a
com.google.android.gms.common.zzc$zzo$1 -> com.google.android.gms.common.gx:
    byte[] zzmk() -> b
com.google.android.gms.common.zzc$zzo$2 -> com.google.android.gms.common.gy:
    byte[] zzmk() -> b
com.google.android.gms.common.zzc$zzp -> com.google.android.gms.common.gz:
    com.google.android.gms.common.zzc$zza[] zzVR -> a
com.google.android.gms.common.zzc$zzp$1 -> com.google.android.gms.common.ha:
    byte[] zzmk() -> b
com.google.android.gms.common.zzc$zzp$2 -> com.google.android.gms.common.hb:
    byte[] zzmk() -> b