build/OCRTest/proguard/usage.txt
edu.sfsu.cs.orange.ocr.camera.AutoFocusManager:
    private static final long AUTO_FOCUS_INTERVAL_MS
edu.sfsu.cs.orange.ocr.camera.CameraConfigurationManager:
    private static final java.lang.String TAG
    private static final int MIN_PREVIEW_PIXELS
    private static final int MAX_PREVIEW_PIXELS
    132:142:void setTorch(android.hardware.Camera,boolean)
edu.sfsu.cs.orange.ocr.camera.CameraManager:
    private static final int MIN_FRAME_WIDTH
    private static final int MIN_FRAME_HEIGHT
    private static final int MAX_FRAME_WIDTH
    private static final int MAX_FRAME_HEIGHT
edu.sfsu.cs.orange.ocr.language.LanguageCodeHelper:
    public static final java.lang.String TAG
    35:36:private LanguageCodeHelper()
edu.sfsu.cs.orange.ocr.language.Translator:
    public static final java.lang.String BAD_TRANSLATION_MSG
    42:44:private Translator(android.app.Activity)
    94:99:public static boolean netWorkCheck(android.content.Context)
edu.sfsu.cs.orange.ocr.language.TranslatorBing:
    private static final java.lang.String CLIENT_ID
    private static final java.lang.String CLIENT_SECRET
    38:47:static java.lang.String translate(java.lang.String,java.lang.String,java.lang.String)
edu.sfsu.cs.orange.ocr.language.TranslatorGoogle:
    private static final java.lang.String API_KEY
    36:50:static java.lang.String translate(java.lang.String,java.lang.String,java.lang.String)
edu.sfsu.cs.orange.ocr.language.TranslatorLocal:
    17:17:public TranslatorLocal()
...
com.google.android.gms.internal.zzka$zzb
com.google.android.gms.internal.zzka$zzb$zza
com.google.android.gms.internal.zzka$zzb$zzb
com.google.android.gms.internal.zzka$zzc
com.google.android.gms.internal.zzkb
com.google.android.gms.internal.zzkb$1
com.google.android.gms.internal.zzkc
com.google.android.gms.internal.zzkc$zza
com.google.android.gms.internal.zzkc$zza$zza
com.google.android.gms.internal.zzkd
com.google.android.gms.internal.zzkd$zza
com.google.android.gms.internal.zzkd$zza$zza
com.google.android.gms.internal.zzke
com.google.android.gms.internal.zzke$zza
com.google.android.gms.internal.zzke$zza$zza
com.google.android.gms.internal.zzkg
com.google.android.gms.internal.zzkg$1
com.google.android.gms.internal.zzkg$zza
com.google.android.gms.internal.zzkg$zza$zza
com.google.android.gms.internal.zzkg$zzb
com.google.android.gms.internal.zzki
com.google.android.gms.internal.zzki$zza
com.google.android.gms.internal.zzkj:
    public zzkj()
com.google.android.gms.internal.zzkk
com.google.android.gms.internal.zzkl
com.google.android.gms.internal.zzkl$1
com.google.android.gms.internal.zzkm
com.google.android.gms.internal.zzkn
com.google.android.gms.internal.zzkn$1
com.google.android.gms.internal.zzkn$zza
com.google.android.gms.internal.zzko
com.google.android.gms.internal.zzko$zza
com.google.android.gms.internal.zzkp
com.google.android.gms.internal.zzkq
com.google.android.gms.internal.zzkq$zza
com.google.android.gms.internal.zzkq$zza$zza
com.google.android.gms.internal.zzkr
com.google.android.gms.internal.zzkr$zza
com.google.android.gms.internal.zzkr$zza$zza
com.google.android.gms.internal.zzku:
    public zzku(int)
    public final synchronized int size()
com.google.android.gms.internal.zzkx:
    public static java.lang.Integer[] zza(int[])
com.google.android.gms.internal.zzlc
com.google.android.gms.internal.zzle
com.google.android.gms.internal.zzlg:
    public static void zza(android.os.ParcelFileDescriptor)
com.google.android.gms.internal.zzlh:
    public static boolean zzd(java.lang.Object,java.lang.Object)
com.google.android.gms.internal.zzlk:
    public static boolean zzoR()
    public static boolean zzoS()
    public static boolean zzoT()
    public static boolean zzoV()
    public static boolean zzoY()
com.google.android.gms.internal.zzlm
com.google.android.gms.internal.zzln
com.google.android.gms.internal.zzlo$1:
    protected java.lang.Boolean zze(com.google.android.gms.common.data.DataHolder,int,int)
    protected synthetic java.lang.Object zzc(com.google.android.gms.common.data.DataHolder,int,int)
com.google.android.gms.internal.zzlo$2:
    protected com.google.android.gms.common.data.BitmapTeleporter zzk(com.google.android.gms.common.data.DataHolder,int,int)
    protected synthetic java.lang.Object zzc(com.google.android.gms.common.data.DataHolder,int,int)
com.google.android.gms.internal.zzlo$zze:
    protected java.util.Collection zzd(com.google.android.gms.common.data.DataHolder,int,int)
    protected synthetic java.lang.Object zzc(com.google.android.gms.common.data.DataHolder,int,int)
com.google.android.gms.internal.zzlo$zzh:
    protected java.lang.Boolean zze(com.google.android.gms.common.data.DataHolder,int,int)
    protected synthetic java.lang.Object zzc(com.google.android.gms.common.data.DataHolder,int,int)
com.google.android.gms.internal.zzlp:
    protected com.google.android.gms.drive.metadata.internal.AppVisibleCustomProperties zzl(com.google.android.gms.common.data.DataHolder,int,int)
    protected synthetic java.lang.Object zzc(com.google.android.gms.common.data.DataHolder,int,int)
com.google.android.gms.internal.zzlr:
    protected com.google.android.gms.drive.DriveId zzm(com.google.android.gms.common.data.DataHolder,int,int)
    protected synthetic java.lang.Object zzc(com.google.android.gms.common.data.DataHolder,int,int)
com.google.android.gms.internal.zzlu
com.google.android.gms.internal.zzlv